#
# There is insufficient memory for the Java Runtime Environment to continue.
# Native memory allocation (mmap) failed to map 50331648 bytes for Failed to commit area from 0x0000000750800000 to 0x0000000753800000 of length 50331648.
# Possible reasons:
#   The system is out of physical RAM or swap space
#   The process is running with CompressedOops enabled, and the Java Heap may be blocking the growth of the native heap
# Possible solutions:
#   Reduce memory load on the system
#   Increase physical memory or swap space
#   Check if swap backing store is full
#   Decrease Java heap size (-Xmx/-Xms)
#   Decrease number of Java threads
#   Decrease Java thread stack sizes (-Xss)
#   Set larger code cache with -XX:ReservedCodeCacheSize=
#   JVM is running with Zero Based Compressed Oops mode in which the Java heap is
#     placed in the first 32GB address space. The Java Heap base address is the
#     maximum limit for the native heap growth. Please use -XX:HeapBaseMinAddress
#     to set the Java Heap base and to place the Java Heap above 32GB virtual address.
# This output file may be truncated or incomplete.
#
#  Out of Memory Error (./src/hotspot/os/windows/os_windows.cpp:3387), pid=4584, tid=7568
#
# JRE version: OpenJDK Runtime Environment Corretto-11.0.14.9.1 (11.0.14+9) (build 11.0.14+9-LTS)
# Java VM: OpenJDK 64-Bit Server VM Corretto-11.0.14.9.1 (11.0.14+9-LTS, mixed mode, tiered, compressed oops, g1 gc, windows-amd64)
# No core dump will be written. Minidumps are not enabled by default on client versions of Windows
#

---------------  S U M M A R Y ------------

Command Line: -javaagent:C:\Users\HP\AppData\Local\JetBrains\IntelliJIdea2021.3\testAgent\intellij-coverage-agent-1.0.613.jar=C:\Users\HP\AppData\Local\Temp\coverageargs -Didea.new.sampling.coverage=true -Dcoverage.ignore.private.constructor.util.class=true -XX:TieredStopAtLevel=1 -Xverify:none -Dspring.output.ansi.enabled=always -Dcom.sun.management.jmxremote -Dspring.jmx.enabled=true -Dspring.liveBeansView.mbeanDomain -Dspring.application.admin.enabled=true -javaagent:C:\Program Files\JetBrains\IntelliJ IDEA 2021.3.2\lib\idea_rt.jar=58065:C:\Program Files\JetBrains\IntelliJ IDEA 2021.3.2\bin -Dfile.encoding=UTF-8 com.datmt.keycloak.springbootauth.KeycloakSpringbootAuth

Host: Intel(R) Core(TM) i7-7700HQ CPU @ 2.80GHz, 8 cores, 11G,  Windows 10 , 64 bit Build 19041 (10.0.19041.1348)
Time: Wed Mar 23 16:29:22 2022 Afr. centrale Ouest elapsed time: 6.275202 seconds (0d 0h 0m 6s)

---------------  T H R E A D  ---------------

Current thread (0x000001f9718da800):  VMThread "VM Thread" [stack: 0x000000a312a00000,0x000000a312b00000] [id=7568]

Stack: [0x000000a312a00000,0x000000a312b00000]
[error occurred during error reporting (printing stack bounds), id 0xc0000005, EXCEPTION_ACCESS_VIOLATION (0xc0000005) at pc=0x000001f95820112d]

Native frames: (J=compiled Java code, j=interpreted, Vv=VM code, C=native code)
V  [jvm.dll+0x61e62a]
V  [jvm.dll+0x7ab569]
V  [jvm.dll+0x7acc58]
V  [jvm.dll+0x7ad295]
V  [jvm.dll+0x7ad24b]
V  [jvm.dll+0x61d9b7]
V  [jvm.dll+0x61e0c8]
C  [ntdll.dll+0xa20cf]
C  [ntdll.dll+0x51454]
C  [ntdll.dll+0xa0bfe]
C  0x000001f95820112d

VM_Operation (0x000000a313bf7fd0): G1CollectForAllocation, mode: safepoint, requested by thread 0x000001f9732f5800


---------------  P R O C E S S  ---------------

Threads class SMR info:
_java_thread_list=0x000001f972eb64a0, length=15, elements={
0x000001f94facf000, 0x000001f971900800, 0x000001f97190a000, 0x000001f97195b800,
0x000001f97195c800, 0x000001f971960000, 0x000001f97196b000, 0x000001f97196e800,
0x000001f971094000, 0x000001f9721d7800, 0x000001f972389800, 0x000001f9732c3000,
0x000001f9732da800, 0x000001f9732f5800, 0x000001f9732ec000
}

Java Threads: ( => current thread )
  0x000001f94facf000 JavaThread "main" [_thread_blocked, id=1628, stack(0x000000a312400000,0x000000a312500000)]
  0x000001f971900800 JavaThread "Reference Handler" daemon [_thread_blocked, id=4296, stack(0x000000a312b00000,0x000000a312c00000)]
  0x000001f97190a000 JavaThread "Finalizer" daemon [_thread_blocked, id=16876, stack(0x000000a312c00000,0x000000a312d00000)]
  0x000001f97195b800 JavaThread "Signal Dispatcher" daemon [_thread_blocked, id=16916, stack(0x000000a312d00000,0x000000a312e00000)]
  0x000001f97195c800 JavaThread "Attach Listener" daemon [_thread_blocked, id=10024, stack(0x000000a312e00000,0x000000a312f00000)]
  0x000001f971960000 JavaThread "Service Thread" daemon [_thread_blocked, id=6124, stack(0x000000a312f00000,0x000000a313000000)]
  0x000001f97196b000 JavaThread "C1 CompilerThread0" daemon [_thread_blocked, id=516, stack(0x000000a313000000,0x000000a313100000)]
  0x000001f97196e800 JavaThread "Sweeper thread" daemon [_thread_blocked, id=4244, stack(0x000000a313100000,0x000000a313200000)]
  0x000001f971094000 JavaThread "Common-Cleaner" daemon [_thread_blocked, id=1160, stack(0x000000a313200000,0x000000a313300000)]
  0x000001f9721d7800 JavaThread "Monitor Ctrl-Break" daemon [_thread_in_native, id=4520, stack(0x000000a313300000,0x000000a313400000)]
  0x000001f972389800 JavaThread "RMI TCP Accept-0" daemon [_thread_in_native, id=5596, stack(0x000000a313400000,0x000000a313500000)]
  0x000001f9732c3000 JavaThread "Thread-2" [_thread_blocked, id=15696, stack(0x000000a313900000,0x000000a313a00000)]
  0x000001f9732da800 JavaThread "RMI TCP Connection(1)-192.168.1.4" daemon [_thread_in_native, id=1572, stack(0x000000a313a00000,0x000000a313b00000)]
  0x000001f9732f5800 JavaThread "restartedMain" [_thread_blocked, id=18168, stack(0x000000a313b00000,0x000000a313c00000)]
  0x000001f9732ec000 JavaThread "RMI Scheduler(0)" daemon [_thread_blocked, id=2072, stack(0x000000a313c00000,0x000000a313d00000)]

Other Threads:
=>0x000001f9718da800 VMThread "VM Thread" [stack: 0x000000a312a00000,0x000000a312b00000] [id=7568]
  0x000001f972380800 WatcherThread [stack: 0x000000a313500000,0x000000a313600000] [id=7520]
  0x000001f94fae8800 GCTaskThread "GC Thread#0" [stack: 0x000000a312500000,0x000000a312600000] [id=4824]
  0x000001f9725b5800 GCTaskThread "GC Thread#1" [stack: 0x000000a313600000,0x000000a313700000] [id=15120]
  0x000001f9725ad800 GCTaskThread "GC Thread#2" [stack: 0x000000a313700000,0x000000a313800000] [id=1336]
  0x000001f9725e8800 GCTaskThread "GC Thread#3" [stack: 0x000000a313800000,0x000000a313900000] [id=6608]
  0x000001f973302800 GCTaskThread "GC Thread#4" [stack: 0x000000a313d00000,0x000000a313e00000] [id=3572]
  0x000001f973303000 GCTaskThread "GC Thread#5" [stack: 0x000000a313e00000,0x000000a313f00000] [id=10592]
  0x000001f9739ca800 GCTaskThread "GC Thread#6" [stack: 0x000000a314100000,0x000000a314200000] [id=12608]
  0x000001f9739ef800 GCTaskThread "GC Thread#7" [stack: 0x000000a314200000,0x000000a314300000] [id=16756]
  0x000001f94fb33000 ConcurrentGCThread "G1 Main Marker" [stack: 0x000000a312600000,0x000000a312700000] [id=4756]
  0x000001f94fb36800 ConcurrentGCThread "G1 Conc#0" [stack: 0x000000a312700000,0x000000a312800000] [id=3640]
  0x000001f9735f9000 ConcurrentGCThread "G1 Conc#1" [stack: 0x000000a313f00000,0x000000a314000000] [id=4936]
  0x000001f970f43800 ConcurrentGCThread "G1 Refine#0" [stack: 0x000000a312800000,0x000000a312900000] [id=13124]
  0x000001f970f44800 ConcurrentGCThread "G1 Young RemSet Sampling" [stack: 0x000000a312900000,0x000000a312a00000] [id=4356]

Threads with active compile tasks:

VM state:at safepoint (normal execution)

VM Mutex/Monitor currently owned by a thread:  ([mutex/lock_event])
[0x000001f94facb7f0] Threads_lock - owner thread: 0x000001f9718da800
[0x000001f94facc8d0] Heap_lock - owner thread: 0x000001f9732f5800

Heap address: 0x0000000741c00000, size: 3044 MB, Compressed Oops mode: Zero based, Oop shift amount: 3
Narrow klass base: 0x0000000800000000, Narrow klass shift: 0
Compressed class space size: 1073741824 Address: 0x0000000800000000

Heap:
 garbage-first heap   total 290816K, used 41065K [0x0000000741c00000, 0x0000000800000000)
  region size 1024K, 17 young (17408K), 17 survivors (17408K)
 Metaspace       used 39825K, capacity 41216K, committed 41344K, reserved 1085440K
  class space    used 4612K, capacity 5158K, committed 5248K, reserved 1048576K
Heap Regions: E=young(eden), S=young(survivor), O=old, HS=humongous(starts), HC=humongous(continues), CS=collection set, F=free, A=archive, TAMS=top-at-mark-start (previous, next)
|   0|0x0000000741c00000, 0x0000000741d00000, 0x0000000741d00000|100%| O|  |TAMS 0x0000000741d00000, 0x0000000741c00000| Untracked 
|   1|0x0000000741d00000, 0x0000000741e00000, 0x0000000741e00000|100%|HS|  |TAMS 0x0000000741e00000, 0x0000000741d00000| Complete 
|   2|0x0000000741e00000, 0x0000000741f00000, 0x0000000741f00000|100%| O|  |TAMS 0x0000000741f00000, 0x0000000741e00000| Untracked 
|   3|0x0000000741f00000, 0x0000000742000000, 0x0000000742000000|100%| O|  |TAMS 0x0000000742000000, 0x0000000741f00000| Untracked 
|   4|0x0000000742000000, 0x0000000742100000, 0x0000000742100000|100%| O|  |TAMS 0x0000000742100000, 0x0000000742000000| Untracked 
|   5|0x0000000742100000, 0x0000000742200000, 0x0000000742200000|100%| O|  |TAMS 0x0000000742200000, 0x0000000742100000| Untracked 
|   6|0x0000000742200000, 0x0000000742300000, 0x0000000742300000|100%| O|  |TAMS 0x0000000742300000, 0x0000000742200000| Untracked 
|   7|0x0000000742300000, 0x0000000742400000, 0x0000000742400000|100%| O|  |TAMS 0x0000000742400000, 0x0000000742300000| Untracked 
|   8|0x0000000742400000, 0x0000000742500000, 0x0000000742500000|100%| O|  |TAMS 0x0000000742500000, 0x0000000742400000| Untracked 
|   9|0x0000000742500000, 0x0000000742600000, 0x0000000742600000|100%| O|  |TAMS 0x0000000742600000, 0x0000000742500000| Untracked 
|  10|0x0000000742600000, 0x0000000742700000, 0x0000000742700000|100%| O|  |TAMS 0x0000000742700000, 0x0000000742600000| Untracked 
|  11|0x0000000742700000, 0x0000000742800000, 0x0000000742800000|100%| O|  |TAMS 0x0000000742800000, 0x0000000742700000| Untracked 
|  12|0x0000000742800000, 0x0000000742900000, 0x0000000742900000|100%| O|  |TAMS 0x0000000742900000, 0x0000000742800000| Untracked 
|  13|0x0000000742900000, 0x0000000742a00000, 0x0000000742a00000|100%| O|  |TAMS 0x0000000742a00000, 0x0000000742900000| Untracked 
|  14|0x0000000742a00000, 0x0000000742b00000, 0x0000000742b00000|100%| O|  |TAMS 0x0000000742b00000, 0x0000000742a00000| Untracked 
|  15|0x0000000742b00000, 0x0000000742c00000, 0x0000000742c00000|100%| O|  |TAMS 0x0000000742c00000, 0x0000000742b00000| Untracked 
|  16|0x0000000742c00000, 0x0000000742d00000, 0x0000000742d00000|100%| O|  |TAMS 0x0000000742d00000, 0x0000000742c00000| Untracked 
|  17|0x0000000742d00000, 0x0000000742e00000, 0x0000000742e00000|100%| O|  |TAMS 0x0000000742e00000, 0x0000000742d00000| Untracked 
|  18|0x0000000742e00000, 0x0000000742f00000, 0x0000000742f00000|100%| O|  |TAMS 0x0000000742f00000, 0x0000000742e00000| Untracked 
|  19|0x0000000742f00000, 0x0000000743000000, 0x0000000743000000|100%| O|  |TAMS 0x0000000743000000, 0x0000000742f00000| Untracked 
|  20|0x0000000743000000, 0x0000000743100000, 0x0000000743100000|100%| O|  |TAMS 0x0000000743100000, 0x0000000743000000| Untracked 
|  21|0x0000000743100000, 0x0000000743200000, 0x0000000743200000|100%| O|  |TAMS 0x0000000743200000, 0x0000000743100000| Untracked 
|  22|0x0000000743200000, 0x0000000743300000, 0x0000000743300000|100%| O|  |TAMS 0x0000000743300000, 0x0000000743200000| Untracked 
|  23|0x0000000743300000, 0x000000074338d400, 0x0000000743400000| 55%| O|  |TAMS 0x000000074338d400, 0x0000000743300000| Untracked 
|  24|0x0000000743400000, 0x0000000743400000, 0x0000000743500000|  0%| F|  |TAMS 0x0000000743400000, 0x0000000743400000| Untracked 
|  25|0x0000000743500000, 0x0000000743500000, 0x0000000743600000|  0%| F|  |TAMS 0x0000000743500000, 0x0000000743500000| Untracked 
|  26|0x0000000743600000, 0x0000000743600000, 0x0000000743700000|  0%| F|  |TAMS 0x0000000743600000, 0x0000000743600000| Untracked 
|  27|0x0000000743700000, 0x0000000743700000, 0x0000000743800000|  0%| F|  |TAMS 0x0000000743700000, 0x0000000743700000| Untracked 
|  28|0x0000000743800000, 0x0000000743800000, 0x0000000743900000|  0%| F|  |TAMS 0x0000000743800000, 0x0000000743800000| Untracked 
|  29|0x0000000743900000, 0x0000000743900000, 0x0000000743a00000|  0%| F|  |TAMS 0x0000000743900000, 0x0000000743900000| Untracked 
|  30|0x0000000743a00000, 0x0000000743a00000, 0x0000000743b00000|  0%| F|  |TAMS 0x0000000743a00000, 0x0000000743a00000| Untracked 
|  31|0x0000000743b00000, 0x0000000743b00000, 0x0000000743c00000|  0%| F|  |TAMS 0x0000000743b00000, 0x0000000743b00000| Untracked 
|  32|0x0000000743c00000, 0x0000000743c00000, 0x0000000743d00000|  0%| F|  |TAMS 0x0000000743c00000, 0x0000000743c00000| Untracked 
|  33|0x0000000743d00000, 0x0000000743d00000, 0x0000000743e00000|  0%| F|  |TAMS 0x0000000743d00000, 0x0000000743d00000| Untracked 
|  34|0x0000000743e00000, 0x0000000743e00000, 0x0000000743f00000|  0%| F|  |TAMS 0x0000000743e00000, 0x0000000743e00000| Untracked 
|  35|0x0000000743f00000, 0x0000000743f00000, 0x0000000744000000|  0%| F|  |TAMS 0x0000000743f00000, 0x0000000743f00000| Untracked 
|  36|0x0000000744000000, 0x0000000744000000, 0x0000000744100000|  0%| F|  |TAMS 0x0000000744000000, 0x0000000744000000| Untracked 
|  37|0x0000000744100000, 0x0000000744100000, 0x0000000744200000|  0%| F|  |TAMS 0x0000000744100000, 0x0000000744100000| Untracked 
|  38|0x0000000744200000, 0x0000000744200000, 0x0000000744300000|  0%| F|  |TAMS 0x0000000744200000, 0x0000000744200000| Untracked 
|  39|0x0000000744300000, 0x0000000744300000, 0x0000000744400000|  0%| F|  |TAMS 0x0000000744300000, 0x0000000744300000| Untracked 
|  40|0x0000000744400000, 0x0000000744400000, 0x0000000744500000|  0%| F|  |TAMS 0x0000000744400000, 0x0000000744400000| Untracked 
|  41|0x0000000744500000, 0x0000000744500000, 0x0000000744600000|  0%| F|  |TAMS 0x0000000744500000, 0x0000000744500000| Untracked 
|  42|0x0000000744600000, 0x0000000744600000, 0x0000000744700000|  0%| F|  |TAMS 0x0000000744600000, 0x0000000744600000| Untracked 
|  43|0x0000000744700000, 0x0000000744700000, 0x0000000744800000|  0%| F|  |TAMS 0x0000000744700000, 0x0000000744700000| Untracked 
|  44|0x0000000744800000, 0x0000000744800000, 0x0000000744900000|  0%| F|  |TAMS 0x0000000744800000, 0x0000000744800000| Untracked 
|  45|0x0000000744900000, 0x0000000744900000, 0x0000000744a00000|  0%| F|  |TAMS 0x0000000744900000, 0x0000000744900000| Untracked 
|  46|0x0000000744a00000, 0x0000000744a00000, 0x0000000744b00000|  0%| F|  |TAMS 0x0000000744a00000, 0x0000000744a00000| Untracked 
|  47|0x0000000744b00000, 0x0000000744b00000, 0x0000000744c00000|  0%| F|  |TAMS 0x0000000744b00000, 0x0000000744b00000| Untracked 
|  48|0x0000000744c00000, 0x0000000744c00000, 0x0000000744d00000|  0%| F|  |TAMS 0x0000000744c00000, 0x0000000744c00000| Untracked 
|  49|0x0000000744d00000, 0x0000000744d00000, 0x0000000744e00000|  0%| F|  |TAMS 0x0000000744d00000, 0x0000000744d00000| Untracked 
|  50|0x0000000744e00000, 0x0000000744e00000, 0x0000000744f00000|  0%| F|  |TAMS 0x0000000744e00000, 0x0000000744e00000| Untracked 
|  51|0x0000000744f00000, 0x0000000744f00000, 0x0000000745000000|  0%| F|  |TAMS 0x0000000744f00000, 0x0000000744f00000| Untracked 
|  52|0x0000000745000000, 0x0000000745000000, 0x0000000745100000|  0%| F|  |TAMS 0x0000000745000000, 0x0000000745000000| Untracked 
|  53|0x0000000745100000, 0x0000000745100000, 0x0000000745200000|  0%| F|  |TAMS 0x0000000745100000, 0x0000000745100000| Untracked 
|  54|0x0000000745200000, 0x0000000745200000, 0x0000000745300000|  0%| F|  |TAMS 0x0000000745200000, 0x0000000745200000| Untracked 
|  55|0x0000000745300000, 0x0000000745300000, 0x0000000745400000|  0%| F|  |TAMS 0x0000000745300000, 0x0000000745300000| Untracked 
|  56|0x0000000745400000, 0x0000000745400000, 0x0000000745500000|  0%| F|  |TAMS 0x0000000745400000, 0x0000000745400000| Untracked 
|  57|0x0000000745500000, 0x0000000745500000, 0x0000000745600000|  0%| F|  |TAMS 0x0000000745500000, 0x0000000745500000| Untracked 
|  58|0x0000000745600000, 0x0000000745600000, 0x0000000745700000|  0%| F|  |TAMS 0x0000000745600000, 0x0000000745600000| Untracked 
|  59|0x0000000745700000, 0x0000000745700000, 0x0000000745800000|  0%| F|  |TAMS 0x0000000745700000, 0x0000000745700000| Untracked 
|  60|0x0000000745800000, 0x0000000745800000, 0x0000000745900000|  0%| F|  |TAMS 0x0000000745800000, 0x0000000745800000| Untracked 
|  61|0x0000000745900000, 0x0000000745900000, 0x0000000745a00000|  0%| F|  |TAMS 0x0000000745900000, 0x0000000745900000| Untracked 
|  62|0x0000000745a00000, 0x0000000745a00000, 0x0000000745b00000|  0%| F|  |TAMS 0x0000000745a00000, 0x0000000745a00000| Untracked 
|  63|0x0000000745b00000, 0x0000000745b00000, 0x0000000745c00000|  0%| F|  |TAMS 0x0000000745b00000, 0x0000000745b00000| Untracked 
|  64|0x0000000745c00000, 0x0000000745c00000, 0x0000000745d00000|  0%| F|  |TAMS 0x0000000745c00000, 0x0000000745c00000| Untracked 
|  65|0x0000000745d00000, 0x0000000745d00000, 0x0000000745e00000|  0%| F|  |TAMS 0x0000000745d00000, 0x0000000745d00000| Untracked 
|  66|0x0000000745e00000, 0x0000000745e00000, 0x0000000745f00000|  0%| F|  |TAMS 0x0000000745e00000, 0x0000000745e00000| Untracked 
|  67|0x0000000745f00000, 0x0000000745f00000, 0x0000000746000000|  0%| F|  |TAMS 0x0000000745f00000, 0x0000000745f00000| Untracked 
|  68|0x0000000746000000, 0x0000000746000000, 0x0000000746100000|  0%| F|  |TAMS 0x0000000746000000, 0x0000000746000000| Untracked 
|  69|0x0000000746100000, 0x0000000746100000, 0x0000000746200000|  0%| F|  |TAMS 0x0000000746100000, 0x0000000746100000| Untracked 
|  70|0x0000000746200000, 0x0000000746200000, 0x0000000746300000|  0%| F|  |TAMS 0x0000000746200000, 0x0000000746200000| Untracked 
|  71|0x0000000746300000, 0x0000000746300000, 0x0000000746400000|  0%| F|  |TAMS 0x0000000746300000, 0x0000000746300000| Untracked 
|  72|0x0000000746400000, 0x0000000746400000, 0x0000000746500000|  0%| F|  |TAMS 0x0000000746400000, 0x0000000746400000| Untracked 
|  73|0x0000000746500000, 0x0000000746500000, 0x0000000746600000|  0%| F|  |TAMS 0x0000000746500000, 0x0000000746500000| Untracked 
|  74|0x0000000746600000, 0x0000000746600000, 0x0000000746700000|  0%| F|  |TAMS 0x0000000746600000, 0x0000000746600000| Untracked 
|  75|0x0000000746700000, 0x0000000746700000, 0x0000000746800000|  0%| F|  |TAMS 0x0000000746700000, 0x0000000746700000| Untracked 
|  76|0x0000000746800000, 0x0000000746800000, 0x0000000746900000|  0%| F|  |TAMS 0x0000000746800000, 0x0000000746800000| Untracked 
|  77|0x0000000746900000, 0x0000000746900000, 0x0000000746a00000|  0%| F|  |TAMS 0x0000000746900000, 0x0000000746900000| Untracked 
|  78|0x0000000746a00000, 0x0000000746a8d2b0, 0x0000000746b00000| 55%| S|CS|TAMS 0x0000000746a00000, 0x0000000746a00000| Complete 
|  79|0x0000000746b00000, 0x0000000746c00000, 0x0000000746c00000|100%| S|CS|TAMS 0x0000000746b00000, 0x0000000746b00000| Complete 
|  80|0x0000000746c00000, 0x0000000746d00000, 0x0000000746d00000|100%| S|CS|TAMS 0x0000000746c00000, 0x0000000746c00000| Complete 
|  81|0x0000000746d00000, 0x0000000746e00000, 0x0000000746e00000|100%| S|CS|TAMS 0x0000000746d00000, 0x0000000746d00000| Complete 
|  82|0x0000000746e00000, 0x0000000746f00000, 0x0000000746f00000|100%| S|CS|TAMS 0x0000000746e00000, 0x0000000746e00000| Complete 
|  83|0x0000000746f00000, 0x0000000747000000, 0x0000000747000000|100%| S|CS|TAMS 0x0000000746f00000, 0x0000000746f00000| Complete 
|  84|0x0000000747000000, 0x0000000747100000, 0x0000000747100000|100%| S|CS|TAMS 0x0000000747000000, 0x0000000747000000| Complete 
|  85|0x0000000747100000, 0x0000000747200000, 0x0000000747200000|100%| S|CS|TAMS 0x0000000747100000, 0x0000000747100000| Complete 
|  86|0x0000000747200000, 0x0000000747300000, 0x0000000747300000|100%| S|CS|TAMS 0x0000000747200000, 0x0000000747200000| Complete 
|  87|0x0000000747300000, 0x0000000747400000, 0x0000000747400000|100%| S|CS|TAMS 0x0000000747300000, 0x0000000747300000| Complete 
|  88|0x0000000747400000, 0x0000000747500000, 0x0000000747500000|100%| S|CS|TAMS 0x0000000747400000, 0x0000000747400000| Complete 
|  89|0x0000000747500000, 0x0000000747600000, 0x0000000747600000|100%| S|CS|TAMS 0x0000000747500000, 0x0000000747500000| Complete 
|  90|0x0000000747600000, 0x0000000747700000, 0x0000000747700000|100%| S|CS|TAMS 0x0000000747600000, 0x0000000747600000| Complete 
|  91|0x0000000747700000, 0x0000000747800000, 0x0000000747800000|100%| S|CS|TAMS 0x0000000747700000, 0x0000000747700000| Complete 
|  92|0x0000000747800000, 0x0000000747900000, 0x0000000747900000|100%| S|CS|TAMS 0x0000000747800000, 0x0000000747800000| Complete 
|  93|0x0000000747900000, 0x0000000747a00000, 0x0000000747a00000|100%| S|CS|TAMS 0x0000000747900000, 0x0000000747900000| Complete 
|  94|0x0000000747a00000, 0x0000000747b00000, 0x0000000747b00000|100%| S|CS|TAMS 0x0000000747a00000, 0x0000000747a00000| Complete 
|  95|0x0000000747b00000, 0x0000000747b00000, 0x0000000747c00000|  0%| F|  |TAMS 0x0000000747b00000, 0x0000000747b00000| Untracked 
|  96|0x0000000747c00000, 0x0000000747c00000, 0x0000000747d00000|  0%| F|  |TAMS 0x0000000747c00000, 0x0000000747c00000| Untracked 
|  97|0x0000000747d00000, 0x0000000747d00000, 0x0000000747e00000|  0%| F|  |TAMS 0x0000000747d00000, 0x0000000747d00000| Untracked 
|  98|0x0000000747e00000, 0x0000000747e00000, 0x0000000747f00000|  0%| F|  |TAMS 0x0000000747e00000, 0x0000000747e00000| Untracked 
|  99|0x0000000747f00000, 0x0000000747f00000, 0x0000000748000000|  0%| F|  |TAMS 0x0000000747f00000, 0x0000000747f00000| Untracked 
| 100|0x0000000748000000, 0x0000000748000000, 0x0000000748100000|  0%| F|  |TAMS 0x0000000748000000, 0x0000000748000000| Untracked 
| 101|0x0000000748100000, 0x0000000748100000, 0x0000000748200000|  0%| F|  |TAMS 0x0000000748100000, 0x0000000748100000| Untracked 
| 102|0x0000000748200000, 0x0000000748200000, 0x0000000748300000|  0%| F|  |TAMS 0x0000000748200000, 0x0000000748200000| Untracked 
| 103|0x0000000748300000, 0x0000000748300000, 0x0000000748400000|  0%| F|  |TAMS 0x0000000748300000, 0x0000000748300000| Untracked 
| 104|0x0000000748400000, 0x0000000748400000, 0x0000000748500000|  0%| F|  |TAMS 0x0000000748400000, 0x0000000748400000| Untracked 
| 105|0x0000000748500000, 0x0000000748500000, 0x0000000748600000|  0%| F|  |TAMS 0x0000000748500000, 0x0000000748500000| Untracked 
| 106|0x0000000748600000, 0x0000000748600000, 0x0000000748700000|  0%| F|  |TAMS 0x0000000748600000, 0x0000000748600000| Untracked 
| 107|0x0000000748700000, 0x0000000748700000, 0x0000000748800000|  0%| F|  |TAMS 0x0000000748700000, 0x0000000748700000| Untracked 
| 108|0x0000000748800000, 0x0000000748800000, 0x0000000748900000|  0%| F|  |TAMS 0x0000000748800000, 0x0000000748800000| Untracked 
| 109|0x0000000748900000, 0x0000000748900000, 0x0000000748a00000|  0%| F|  |TAMS 0x0000000748900000, 0x0000000748900000| Untracked 
| 110|0x0000000748a00000, 0x0000000748a00000, 0x0000000748b00000|  0%| F|  |TAMS 0x0000000748a00000, 0x0000000748a00000| Untracked 
| 111|0x0000000748b00000, 0x0000000748b00000, 0x0000000748c00000|  0%| F|  |TAMS 0x0000000748b00000, 0x0000000748b00000| Untracked 
| 112|0x0000000748c00000, 0x0000000748c00000, 0x0000000748d00000|  0%| F|  |TAMS 0x0000000748c00000, 0x0000000748c00000| Untracked 
| 113|0x0000000748d00000, 0x0000000748d00000, 0x0000000748e00000|  0%| F|  |TAMS 0x0000000748d00000, 0x0000000748d00000| Untracked 
| 114|0x0000000748e00000, 0x0000000748e00000, 0x0000000748f00000|  0%| F|  |TAMS 0x0000000748e00000, 0x0000000748e00000| Untracked 
| 115|0x0000000748f00000, 0x0000000748f00000, 0x0000000749000000|  0%| F|  |TAMS 0x0000000748f00000, 0x0000000748f00000| Untracked 
| 116|0x0000000749000000, 0x0000000749000000, 0x0000000749100000|  0%| F|  |TAMS 0x0000000749000000, 0x0000000749000000| Untracked 
| 117|0x0000000749100000, 0x0000000749100000, 0x0000000749200000|  0%| F|  |TAMS 0x0000000749100000, 0x0000000749100000| Untracked 
| 118|0x0000000749200000, 0x0000000749200000, 0x0000000749300000|  0%| F|  |TAMS 0x0000000749200000, 0x0000000749200000| Untracked 
| 119|0x0000000749300000, 0x0000000749300000, 0x0000000749400000|  0%| F|  |TAMS 0x0000000749300000, 0x0000000749300000| Untracked 
| 120|0x0000000749400000, 0x0000000749400000, 0x0000000749500000|  0%| F|  |TAMS 0x0000000749400000, 0x0000000749400000| Untracked 
| 121|0x0000000749500000, 0x0000000749500000, 0x0000000749600000|  0%| F|  |TAMS 0x0000000749500000, 0x0000000749500000| Untracked 
| 122|0x0000000749600000, 0x0000000749600000, 0x0000000749700000|  0%| F|  |TAMS 0x0000000749600000, 0x0000000749600000| Untracked 
| 123|0x0000000749700000, 0x0000000749700000, 0x0000000749800000|  0%| F|  |TAMS 0x0000000749700000, 0x0000000749700000| Untracked 
| 124|0x0000000749800000, 0x0000000749800000, 0x0000000749900000|  0%| F|  |TAMS 0x0000000749800000, 0x0000000749800000| Untracked 
| 125|0x0000000749900000, 0x0000000749900000, 0x0000000749a00000|  0%| F|  |TAMS 0x0000000749900000, 0x0000000749900000| Untracked 
| 126|0x0000000749a00000, 0x0000000749a00000, 0x0000000749b00000|  0%| F|  |TAMS 0x0000000749a00000, 0x0000000749a00000| Untracked 
| 127|0x0000000749b00000, 0x0000000749b00000, 0x0000000749c00000|  0%| F|  |TAMS 0x0000000749b00000, 0x0000000749b00000| Untracked 
| 128|0x0000000749c00000, 0x0000000749c00000, 0x0000000749d00000|  0%| F|  |TAMS 0x0000000749c00000, 0x0000000749c00000| Untracked 
| 129|0x0000000749d00000, 0x0000000749d00000, 0x0000000749e00000|  0%| F|  |TAMS 0x0000000749d00000, 0x0000000749d00000| Untracked 
| 130|0x0000000749e00000, 0x0000000749e00000, 0x0000000749f00000|  0%| F|  |TAMS 0x0000000749e00000, 0x0000000749e00000| Untracked 
| 131|0x0000000749f00000, 0x0000000749f00000, 0x000000074a000000|  0%| F|  |TAMS 0x0000000749f00000, 0x0000000749f00000| Untracked 
| 132|0x000000074a000000, 0x000000074a000000, 0x000000074a100000|  0%| F|  |TAMS 0x000000074a000000, 0x000000074a000000| Untracked 
| 133|0x000000074a100000, 0x000000074a100000, 0x000000074a200000|  0%| F|  |TAMS 0x000000074a100000, 0x000000074a100000| Untracked 
| 134|0x000000074a200000, 0x000000074a200000, 0x000000074a300000|  0%| F|  |TAMS 0x000000074a200000, 0x000000074a200000| Untracked 
| 135|0x000000074a300000, 0x000000074a300000, 0x000000074a400000|  0%| F|  |TAMS 0x000000074a300000, 0x000000074a300000| Untracked 
| 136|0x000000074a400000, 0x000000074a400000, 0x000000074a500000|  0%| F|  |TAMS 0x000000074a400000, 0x000000074a400000| Untracked 
| 137|0x000000074a500000, 0x000000074a500000, 0x000000074a600000|  0%| F|  |TAMS 0x000000074a500000, 0x000000074a500000| Untracked 
| 138|0x000000074a600000, 0x000000074a600000, 0x000000074a700000|  0%| F|  |TAMS 0x000000074a600000, 0x000000074a600000| Untracked 
| 139|0x000000074a700000, 0x000000074a700000, 0x000000074a800000|  0%| F|  |TAMS 0x000000074a700000, 0x000000074a700000| Untracked 
| 140|0x000000074a800000, 0x000000074a800000, 0x000000074a900000|  0%| F|  |TAMS 0x000000074a800000, 0x000000074a800000| Untracked 
| 141|0x000000074a900000, 0x000000074a900000, 0x000000074aa00000|  0%| F|  |TAMS 0x000000074a900000, 0x000000074a900000| Untracked 
| 142|0x000000074aa00000, 0x000000074aa00000, 0x000000074ab00000|  0%| F|  |TAMS 0x000000074aa00000, 0x000000074aa00000| Untracked 
| 143|0x000000074ab00000, 0x000000074ab00000, 0x000000074ac00000|  0%| F|  |TAMS 0x000000074ab00000, 0x000000074ab00000| Untracked 
| 144|0x000000074ac00000, 0x000000074ac00000, 0x000000074ad00000|  0%| F|  |TAMS 0x000000074ac00000, 0x000000074ac00000| Untracked 
| 145|0x000000074ad00000, 0x000000074ad00000, 0x000000074ae00000|  0%| F|  |TAMS 0x000000074ad00000, 0x000000074ad00000| Untracked 
| 146|0x000000074ae00000, 0x000000074ae00000, 0x000000074af00000|  0%| F|  |TAMS 0x000000074ae00000, 0x000000074ae00000| Untracked 
| 147|0x000000074af00000, 0x000000074af00000, 0x000000074b000000|  0%| F|  |TAMS 0x000000074af00000, 0x000000074af00000| Untracked 
| 148|0x000000074b000000, 0x000000074b000000, 0x000000074b100000|  0%| F|  |TAMS 0x000000074b000000, 0x000000074b000000| Untracked 
| 149|0x000000074b100000, 0x000000074b100000, 0x000000074b200000|  0%| F|  |TAMS 0x000000074b100000, 0x000000074b100000| Untracked 
| 150|0x000000074b200000, 0x000000074b200000, 0x000000074b300000|  0%| F|  |TAMS 0x000000074b200000, 0x000000074b200000| Untracked 
| 151|0x000000074b300000, 0x000000074b300000, 0x000000074b400000|  0%| F|  |TAMS 0x000000074b300000, 0x000000074b300000| Untracked 
| 152|0x000000074b400000, 0x000000074b400000, 0x000000074b500000|  0%| F|  |TAMS 0x000000074b400000, 0x000000074b400000| Untracked 
| 153|0x000000074b500000, 0x000000074b500000, 0x000000074b600000|  0%| F|  |TAMS 0x000000074b500000, 0x000000074b500000| Untracked 
| 154|0x000000074b600000, 0x000000074b600000, 0x000000074b700000|  0%| F|  |TAMS 0x000000074b600000, 0x000000074b600000| Untracked 
| 155|0x000000074b700000, 0x000000074b700000, 0x000000074b800000|  0%| F|  |TAMS 0x000000074b700000, 0x000000074b700000| Untracked 
| 156|0x000000074b800000, 0x000000074b800000, 0x000000074b900000|  0%| F|  |TAMS 0x000000074b800000, 0x000000074b800000| Untracked 
| 157|0x000000074b900000, 0x000000074b900000, 0x000000074ba00000|  0%| F|  |TAMS 0x000000074b900000, 0x000000074b900000| Untracked 
| 158|0x000000074ba00000, 0x000000074ba00000, 0x000000074bb00000|  0%| F|  |TAMS 0x000000074ba00000, 0x000000074ba00000| Untracked 
| 159|0x000000074bb00000, 0x000000074bb00000, 0x000000074bc00000|  0%| F|  |TAMS 0x000000074bb00000, 0x000000074bb00000| Untracked 
| 160|0x000000074bc00000, 0x000000074bc00000, 0x000000074bd00000|  0%| F|  |TAMS 0x000000074bc00000, 0x000000074bc00000| Untracked 
| 161|0x000000074bd00000, 0x000000074bd00000, 0x000000074be00000|  0%| F|  |TAMS 0x000000074bd00000, 0x000000074bd00000| Untracked 
| 162|0x000000074be00000, 0x000000074be00000, 0x000000074bf00000|  0%| F|  |TAMS 0x000000074be00000, 0x000000074be00000| Untracked 
| 163|0x000000074bf00000, 0x000000074bf00000, 0x000000074c000000|  0%| F|  |TAMS 0x000000074bf00000, 0x000000074bf00000| Untracked 
| 164|0x000000074c000000, 0x000000074c000000, 0x000000074c100000|  0%| F|  |TAMS 0x000000074c000000, 0x000000074c000000| Untracked 
| 165|0x000000074c100000, 0x000000074c100000, 0x000000074c200000|  0%| F|  |TAMS 0x000000074c100000, 0x000000074c100000| Untracked 
| 166|0x000000074c200000, 0x000000074c200000, 0x000000074c300000|  0%| F|  |TAMS 0x000000074c200000, 0x000000074c200000| Untracked 
| 167|0x000000074c300000, 0x000000074c300000, 0x000000074c400000|  0%| F|  |TAMS 0x000000074c300000, 0x000000074c300000| Untracked 
| 168|0x000000074c400000, 0x000000074c400000, 0x000000074c500000|  0%| F|  |TAMS 0x000000074c400000, 0x000000074c400000| Untracked 
| 169|0x000000074c500000, 0x000000074c500000, 0x000000074c600000|  0%| F|  |TAMS 0x000000074c500000, 0x000000074c500000| Untracked 
| 170|0x000000074c600000, 0x000000074c600000, 0x000000074c700000|  0%| F|  |TAMS 0x000000074c600000, 0x000000074c600000| Untracked 
| 171|0x000000074c700000, 0x000000074c700000, 0x000000074c800000|  0%| F|  |TAMS 0x000000074c700000, 0x000000074c700000| Untracked 
| 172|0x000000074c800000, 0x000000074c800000, 0x000000074c900000|  0%| F|  |TAMS 0x000000074c800000, 0x000000074c800000| Untracked 
| 173|0x000000074c900000, 0x000000074c900000, 0x000000074ca00000|  0%| F|  |TAMS 0x000000074c900000, 0x000000074c900000| Untracked 
| 174|0x000000074ca00000, 0x000000074ca00000, 0x000000074cb00000|  0%| F|  |TAMS 0x000000074ca00000, 0x000000074ca00000| Untracked 
| 175|0x000000074cb00000, 0x000000074cb00000, 0x000000074cc00000|  0%| F|  |TAMS 0x000000074cb00000, 0x000000074cb00000| Untracked 
| 176|0x000000074cc00000, 0x000000074cc00000, 0x000000074cd00000|  0%| F|  |TAMS 0x000000074cc00000, 0x000000074cc00000| Untracked 
| 177|0x000000074cd00000, 0x000000074cd00000, 0x000000074ce00000|  0%| F|  |TAMS 0x000000074cd00000, 0x000000074cd00000| Untracked 
| 178|0x000000074ce00000, 0x000000074ce00000, 0x000000074cf00000|  0%| F|  |TAMS 0x000000074ce00000, 0x000000074ce00000| Untracked 
| 179|0x000000074cf00000, 0x000000074cf00000, 0x000000074d000000|  0%| F|  |TAMS 0x000000074cf00000, 0x000000074cf00000| Untracked 
| 180|0x000000074d000000, 0x000000074d000000, 0x000000074d100000|  0%| F|  |TAMS 0x000000074d000000, 0x000000074d000000| Untracked 
| 181|0x000000074d100000, 0x000000074d100000, 0x000000074d200000|  0%| F|  |TAMS 0x000000074d100000, 0x000000074d100000| Untracked 
| 182|0x000000074d200000, 0x000000074d200000, 0x000000074d300000|  0%| F|  |TAMS 0x000000074d200000, 0x000000074d200000| Untracked 
| 183|0x000000074d300000, 0x000000074d300000, 0x000000074d400000|  0%| F|  |TAMS 0x000000074d300000, 0x000000074d300000| Untracked 
| 184|0x000000074d400000, 0x000000074d400000, 0x000000074d500000|  0%| F|  |TAMS 0x000000074d400000, 0x000000074d400000| Untracked 
| 185|0x000000074d500000, 0x000000074d500000, 0x000000074d600000|  0%| F|  |TAMS 0x000000074d500000, 0x000000074d500000| Untracked 
| 186|0x000000074d600000, 0x000000074d600000, 0x000000074d700000|  0%| F|  |TAMS 0x000000074d600000, 0x000000074d600000| Untracked 
| 187|0x000000074d700000, 0x000000074d700000, 0x000000074d800000|  0%| F|  |TAMS 0x000000074d700000, 0x000000074d700000| Untracked 
| 188|0x000000074d800000, 0x000000074d800000, 0x000000074d900000|  0%| F|  |TAMS 0x000000074d800000, 0x000000074d800000| Untracked 
| 189|0x000000074d900000, 0x000000074d900000, 0x000000074da00000|  0%| F|  |TAMS 0x000000074d900000, 0x000000074d900000| Untracked 
| 190|0x000000074da00000, 0x000000074da00000, 0x000000074db00000|  0%| F|  |TAMS 0x000000074da00000, 0x000000074da00000| Untracked 
| 191|0x000000074db00000, 0x000000074db00000, 0x000000074dc00000|  0%| F|  |TAMS 0x000000074db00000, 0x000000074db00000| Untracked 
| 192|0x000000074dc00000, 0x000000074dc00000, 0x000000074dd00000|  0%| F|  |TAMS 0x000000074dc00000, 0x000000074dc00000| Untracked 
| 193|0x000000074dd00000, 0x000000074dd00000, 0x000000074de00000|  0%| F|  |TAMS 0x000000074dd00000, 0x000000074dd00000| Untracked 
| 194|0x000000074de00000, 0x000000074de00000, 0x000000074df00000|  0%| F|  |TAMS 0x000000074de00000, 0x000000074de00000| Untracked 
| 195|0x000000074df00000, 0x000000074df00000, 0x000000074e000000|  0%| F|  |TAMS 0x000000074df00000, 0x000000074df00000| Untracked 
| 196|0x000000074e000000, 0x000000074e000000, 0x000000074e100000|  0%| F|  |TAMS 0x000000074e000000, 0x000000074e000000| Untracked 
| 197|0x000000074e100000, 0x000000074e100000, 0x000000074e200000|  0%| F|  |TAMS 0x000000074e100000, 0x000000074e100000| Untracked 
| 198|0x000000074e200000, 0x000000074e200000, 0x000000074e300000|  0%| F|  |TAMS 0x000000074e200000, 0x000000074e200000| Untracked 
| 199|0x000000074e300000, 0x000000074e300000, 0x000000074e400000|  0%| F|  |TAMS 0x000000074e300000, 0x000000074e300000| Untracked 
| 200|0x000000074e400000, 0x000000074e400000, 0x000000074e500000|  0%| F|  |TAMS 0x000000074e400000, 0x000000074e400000| Untracked 
| 201|0x000000074e500000, 0x000000074e500000, 0x000000074e600000|  0%| F|  |TAMS 0x000000074e500000, 0x000000074e500000| Untracked 
| 202|0x000000074e600000, 0x000000074e600000, 0x000000074e700000|  0%| F|  |TAMS 0x000000074e600000, 0x000000074e600000| Untracked 
| 203|0x000000074e700000, 0x000000074e700000, 0x000000074e800000|  0%| F|  |TAMS 0x000000074e700000, 0x000000074e700000| Untracked 
| 204|0x000000074e800000, 0x000000074e800000, 0x000000074e900000|  0%| F|  |TAMS 0x000000074e800000, 0x000000074e800000| Untracked 
| 205|0x000000074e900000, 0x000000074e900000, 0x000000074ea00000|  0%| F|  |TAMS 0x000000074e900000, 0x000000074e900000| Untracked 
| 206|0x000000074ea00000, 0x000000074ea00000, 0x000000074eb00000|  0%| F|  |TAMS 0x000000074ea00000, 0x000000074ea00000| Untracked 
| 207|0x000000074eb00000, 0x000000074eb00000, 0x000000074ec00000|  0%| F|  |TAMS 0x000000074eb00000, 0x000000074eb00000| Untracked 
| 208|0x000000074ec00000, 0x000000074ec00000, 0x000000074ed00000|  0%| F|  |TAMS 0x000000074ec00000, 0x000000074ec00000| Untracked 
| 209|0x000000074ed00000, 0x000000074ed00000, 0x000000074ee00000|  0%| F|  |TAMS 0x000000074ed00000, 0x000000074ed00000| Untracked 
| 210|0x000000074ee00000, 0x000000074ee00000, 0x000000074ef00000|  0%| F|  |TAMS 0x000000074ee00000, 0x000000074ee00000| Untracked 
| 211|0x000000074ef00000, 0x000000074ef00000, 0x000000074f000000|  0%| F|  |TAMS 0x000000074ef00000, 0x000000074ef00000| Untracked 
| 212|0x000000074f000000, 0x000000074f000000, 0x000000074f100000|  0%| F|  |TAMS 0x000000074f000000, 0x000000074f000000| Untracked 
| 213|0x000000074f100000, 0x000000074f100000, 0x000000074f200000|  0%| F|  |TAMS 0x000000074f100000, 0x000000074f100000| Untracked 
| 214|0x000000074f200000, 0x000000074f200000, 0x000000074f300000|  0%| F|  |TAMS 0x000000074f200000, 0x000000074f200000| Untracked 
| 215|0x000000074f300000, 0x000000074f300000, 0x000000074f400000|  0%| F|  |TAMS 0x000000074f300000, 0x000000074f300000| Untracked 
| 216|0x000000074f400000, 0x000000074f400000, 0x000000074f500000|  0%| F|  |TAMS 0x000000074f400000, 0x000000074f400000| Untracked 
| 217|0x000000074f500000, 0x000000074f500000, 0x000000074f600000|  0%| F|  |TAMS 0x000000074f500000, 0x000000074f500000| Untracked 
| 218|0x000000074f600000, 0x000000074f600000, 0x000000074f700000|  0%| F|  |TAMS 0x000000074f600000, 0x000000074f600000| Untracked 
| 219|0x000000074f700000, 0x000000074f700000, 0x000000074f800000|  0%| F|  |TAMS 0x000000074f700000, 0x000000074f700000| Untracked 
| 220|0x000000074f800000, 0x000000074f800000, 0x000000074f900000|  0%| F|  |TAMS 0x000000074f800000, 0x000000074f800000| Untracked 
| 221|0x000000074f900000, 0x000000074f900000, 0x000000074fa00000|  0%| F|  |TAMS 0x000000074f900000, 0x000000074f900000| Untracked 
| 222|0x000000074fa00000, 0x000000074fa00000, 0x000000074fb00000|  0%| F|  |TAMS 0x000000074fa00000, 0x000000074fa00000| Untracked 
| 223|0x000000074fb00000, 0x000000074fb00000, 0x000000074fc00000|  0%| F|  |TAMS 0x000000074fb00000, 0x000000074fb00000| Untracked 
| 224|0x000000074fc00000, 0x000000074fc00000, 0x000000074fd00000|  0%| F|  |TAMS 0x000000074fc00000, 0x000000074fc00000| Untracked 
| 225|0x000000074fd00000, 0x000000074fd00000, 0x000000074fe00000|  0%| F|  |TAMS 0x000000074fd00000, 0x000000074fd00000| Untracked 
| 226|0x000000074fe00000, 0x000000074fe00000, 0x000000074ff00000|  0%| F|  |TAMS 0x000000074fe00000, 0x000000074fe00000| Untracked 
| 227|0x000000074ff00000, 0x000000074ff00000, 0x0000000750000000|  0%| F|  |TAMS 0x000000074ff00000, 0x000000074ff00000| Untracked 
| 228|0x0000000750000000, 0x0000000750000000, 0x0000000750100000|  0%| F|  |TAMS 0x0000000750000000, 0x0000000750000000| Untracked 
| 229|0x0000000750100000, 0x0000000750100000, 0x0000000750200000|  0%| F|  |TAMS 0x0000000750100000, 0x0000000750100000| Untracked 
| 230|0x0000000750200000, 0x0000000750200000, 0x0000000750300000|  0%| F|  |TAMS 0x0000000750200000, 0x0000000750200000| Untracked 
| 231|0x0000000750300000, 0x0000000750300000, 0x0000000750400000|  0%| F|  |TAMS 0x0000000750300000, 0x0000000750300000| Untracked 
| 232|0x0000000750400000, 0x0000000750400000, 0x0000000750500000|  0%| F|  |TAMS 0x0000000750400000, 0x0000000750400000| Untracked 
| 233|0x0000000750500000, 0x0000000750500000, 0x0000000750600000|  0%| F|  |TAMS 0x0000000750500000, 0x0000000750500000| Untracked 
| 234|0x0000000750600000, 0x0000000750600000, 0x0000000750700000|  0%| F|  |TAMS 0x0000000750600000, 0x0000000750600000| Untracked 
| 235|0x0000000750700000, 0x0000000750700000, 0x0000000750800000|  0%| F|  |TAMS 0x0000000750700000, 0x0000000750700000| Untracked 

Card table byte_map: [0x000001f967b30000,0x000001f968130000] _byte_map_base: 0x000001f964122000

Marking Bits (Prev, Next): (CMBitMap*) 0x000001f94fb265f8, (CMBitMap*) 0x000001f94fb26630
 Prev Bits: [0x000001f968730000, 0x000001f96b6c0000)
 Next Bits: [0x000001f96b6c0000, 0x000001f96e650000)

Polling page: 0x000001f94da40000

Metaspace:

Usage:
  Non-class:     35.21 MB capacity,    34.39 MB ( 98%) used,   690.17 KB (  2%) free+waste,   154.94 KB ( <1%) overhead. 
      Class:      5.04 MB capacity,     4.50 MB ( 89%) used,   468.98 KB (  9%) free+waste,    76.63 KB (  1%) overhead. 
       Both:     40.25 MB capacity,    38.89 MB ( 97%) used,     1.13 MB (  3%) free+waste,   231.56 KB ( <1%) overhead. 

Virtual space:
  Non-class space:       36.00 MB reserved,      35.25 MB ( 98%) committed 
      Class space:        1.00 GB reserved,       5.13 MB ( <1%) committed 
             Both:        1.04 GB reserved,      40.38 MB (  4%) committed 

Chunk freelists:
   Non-Class:  38.00 KB
       Class:  0 bytes
        Both:  38.00 KB

MaxMetaspaceSize: 17179869184.00 GB
CompressedClassSpaceSize: 1.00 GB
Initial GC threshold: 20.80 MB
Current GC threshold: 58.75 MB
CDS: off

CodeHeap 'non-profiled nmethods': size=238336Kb used=8236Kb max_used=8236Kb free=230099Kb
 bounds [0x000001f958940000, 0x000001f959150000, 0x000001f967200000]
CodeHeap 'non-nmethods': size=7424Kb used=1220Kb max_used=1220Kb free=6203Kb
 bounds [0x000001f958200000, 0x000001f958470000, 0x000001f958940000]
 total_blobs=5042 nmethods=4545 adapters=423
 compilation: enabled
              stopped_count=0, restarted_count=0
 full_count=0

Compilation events (20 events):
Event: 6.254 Thread 0x000001f97196b000 4544       1       com.sun.beans.introspect.MethodInfo$MethodOrder::compare (167 bytes)
Event: 6.255 Thread 0x000001f97196b000 nmethod 4544 0x000001f959144d10 code [0x000001f959144f60, 0x000001f959145448]
Event: 6.255 Thread 0x000001f97196b000 4545       1       java.lang.reflect.Method::getGenericExceptionTypes (5 bytes)
Event: 6.255 Thread 0x000001f97196b000 nmethod 4545 0x000001f959145890 code [0x000001f959145aa0, 0x000001f959146078]
Event: 6.256 Thread 0x000001f97196b000 4546       1       java.lang.reflect.Executable::getGenericExceptionTypes (27 bytes)
Event: 6.256 Thread 0x000001f97196b000 nmethod 4546 0x000001f959146390 code [0x000001f959146580, 0x000001f959146808]
Event: 6.257 Thread 0x000001f97196b000 4551  s    1       java.beans.MethodDescriptor::setParams (74 bytes)
Event: 6.257 Thread 0x000001f97196b000 nmethod 4551 0x000001f959146e90 code [0x000001f9591470a0, 0x000001f9591478e8]
Event: 6.257 Thread 0x000001f97196b000 4552       1       java.lang.reflect.Method::isVarArgs (5 bytes)
Event: 6.257 Thread 0x000001f97196b000 nmethod 4552 0x000001f959147b90 code [0x000001f959147d40, 0x000001f959147e18]
Event: 6.258 Thread 0x000001f97196b000 4553       1       java.lang.reflect.Executable::isVarArgs (17 bytes)
Event: 6.258 Thread 0x000001f97196b000 nmethod 4553 0x000001f959147e90 code [0x000001f959148040, 0x000001f959148128]
Event: 6.258 Thread 0x000001f97196b000 4554   !   1       com.sun.beans.TypeResolver::resolve (261 bytes)
Event: 6.258 Thread 0x000001f97196b000 nmethod 4554 0x000001f959148190 code [0x000001f9591484c0, 0x000001f9591493a8]
Event: 6.258 Thread 0x000001f97196b000 4548       1       java.beans.MethodDescriptor::<init> (7 bytes)
Event: 6.258 Thread 0x000001f97196b000 nmethod 4548 0x000001f959149990 code [0x000001f959149b40, 0x000001f959149c28]
Event: 6.258 Thread 0x000001f97196b000 4549       1       java.beans.MethodDescriptor::<init> (48 bytes)
Event: 6.258 Thread 0x000001f97196b000 nmethod 4549 0x000001f959149c90 code [0x000001f959149e60, 0x000001f95914a1b8]
Event: 6.258 Thread 0x000001f97196b000 4550  s    1       java.beans.MethodDescriptor::setMethod (41 bytes)
Event: 6.259 Thread 0x000001f97196b000 nmethod 4550 0x000001f95914a310 code [0x000001f95914a5a0, 0x000001f95914ae78]

GC Heap History (17 events):
Event: 0.899 GC heap before
{Heap before GC invocations=0 (full 0):
 garbage-first heap   total 196608K, used 26624K [0x0000000741c00000, 0x0000000800000000)
  region size 1024K, 24 young (24576K), 0 survivors (0K)
 Metaspace       used 13231K, capacity 13647K, committed 13824K, reserved 1060864K
  class space    used 1321K, capacity 1441K, committed 1536K, reserved 1048576K
}
Event: 0.904 GC heap after
{Heap after GC invocations=1 (full 0):
 garbage-first heap   total 196608K, used 9269K [0x0000000741c00000, 0x0000000800000000)
  region size 1024K, 3 young (3072K), 3 survivors (3072K)
 Metaspace       used 13231K, capacity 13647K, committed 13824K, reserved 1060864K
  class space    used 1321K, capacity 1441K, committed 1536K, reserved 1048576K
}
Event: 1.037 GC heap before
{Heap before GC invocations=1 (full 0):
 garbage-first heap   total 196608K, used 25653K [0x0000000741c00000, 0x0000000800000000)
  region size 1024K, 19 young (19456K), 3 survivors (3072K)
 Metaspace       used 14349K, capacity 14649K, committed 14976K, reserved 1062912K
  class space    used 1439K, capacity 1541K, committed 1664K, reserved 1048576K
}
Event: 1.053 GC heap after
{Heap after GC invocations=2 (full 0):
 garbage-first heap   total 196608K, used 10218K [0x0000000741c00000, 0x0000000800000000)
  region size 1024K, 2 young (2048K), 2 survivors (2048K)
 Metaspace       used 14349K, capacity 14649K, committed 14976K, reserved 1062912K
  class space    used 1439K, capacity 1541K, committed 1664K, reserved 1048576K
}
Event: 1.515 GC heap before
{Heap before GC invocations=2 (full 0):
 garbage-first heap   total 196608K, used 52202K [0x0000000741c00000, 0x0000000800000000)
  region size 1024K, 42 young (43008K), 2 survivors (2048K)
 Metaspace       used 16527K, capacity 16970K, committed 17024K, reserved 1064960K
  class space    used 1712K, capacity 1872K, committed 1920K, reserved 1048576K
}
Event: 1.529 GC heap after
{Heap after GC invocations=3 (full 0):
 garbage-first heap   total 196608K, used 11886K [0x0000000741c00000, 0x0000000800000000)
  region size 1024K, 3 young (3072K), 3 survivors (3072K)
 Metaspace       used 16527K, capacity 16970K, committed 17024K, reserved 1064960K
  class space    used 1712K, capacity 1872K, committed 1920K, reserved 1048576K
}
Event: 2.280 GC heap before
{Heap before GC invocations=3 (full 0):
 garbage-first heap   total 196608K, used 77422K [0x0000000741c00000, 0x0000000800000000)
  region size 1024K, 68 young (69632K), 3 survivors (3072K)
 Metaspace       used 20546K, capacity 21240K, committed 21296K, reserved 1069056K
  class space    used 2259K, capacity 2537K, committed 2560K, reserved 1048576K
}
Event: 2.286 GC heap after
{Heap after GC invocations=4 (full 0):
 garbage-first heap   total 196608K, used 14798K [0x0000000741c00000, 0x0000000800000000)
  region size 1024K, 6 young (6144K), 6 survivors (6144K)
 Metaspace       used 20546K, capacity 21240K, committed 21296K, reserved 1069056K
  class space    used 2259K, capacity 2537K, committed 2560K, reserved 1048576K
}
Event: 2.671 GC heap before
{Heap before GC invocations=5 (full 0):
 garbage-first heap   total 196608K, used 101838K [0x0000000741c00000, 0x0000000800000000)
  region size 1024K, 92 young (94208K), 6 survivors (6144K)
 Metaspace       used 24164K, capacity 25023K, committed 25088K, reserved 1071104K
  class space    used 2685K, capacity 3014K, committed 3072K, reserved 1048576K
}
Event: 2.682 GC heap after
{Heap after GC invocations=6 (full 0):
 garbage-first heap   total 241664K, used 19368K [0x0000000741c00000, 0x0000000800000000)
  region size 1024K, 10 young (10240K), 10 survivors (10240K)
 Metaspace       used 24164K, capacity 25023K, committed 25088K, reserved 1071104K
  class space    used 2685K, capacity 3014K, committed 3072K, reserved 1048576K
}
Event: 3.517 GC heap before
{Heap before GC invocations=6 (full 0):
 garbage-first heap   total 241664K, used 138152K [0x0000000741c00000, 0x0000000800000000)
  region size 1024K, 126 young (129024K), 10 survivors (10240K)
 Metaspace       used 28122K, capacity 29136K, committed 29440K, reserved 1075200K
  class space    used 3144K, capacity 3532K, committed 3584K, reserved 1048576K
}
Event: 3.526 GC heap after
{Heap after GC invocations=7 (full 0):
 garbage-first heap   total 241664K, used 24900K [0x0000000741c00000, 0x0000000800000000)
  region size 1024K, 13 young (13312K), 13 survivors (13312K)
 Metaspace       used 28122K, capacity 29136K, committed 29440K, reserved 1075200K
  class space    used 3144K, capacity 3532K, committed 3584K, reserved 1048576K
}
Event: 4.758 GC heap before
{Heap before GC invocations=7 (full 0):
 garbage-first heap   total 241664K, used 155972K [0x0000000741c00000, 0x0000000800000000)
  region size 1024K, 141 young (144384K), 13 survivors (13312K)
 Metaspace       used 32246K, capacity 33383K, committed 33664K, reserved 1079296K
  class space    used 3689K, capacity 4113K, committed 4224K, reserved 1048576K
}
Event: 4.769 GC heap after
{Heap after GC invocations=8 (full 0):
 garbage-first heap   total 241664K, used 29966K [0x0000000741c00000, 0x0000000800000000)
  region size 1024K, 11 young (11264K), 11 survivors (11264K)
 Metaspace       used 32246K, capacity 33383K, committed 33664K, reserved 1079296K
  class space    used 3689K, capacity 4113K, committed 4224K, reserved 1048576K
}
Event: 5.255 GC heap before
{Heap before GC invocations=8 (full 0):
 garbage-first heap   total 241664K, used 87310K [0x0000000741c00000, 0x0000000800000000)
  region size 1024K, 68 young (69632K), 11 survivors (11264K)
 Metaspace       used 34483K, capacity 35665K, committed 35840K, reserved 1081344K
  class space    used 4024K, capacity 4482K, committed 4608K, reserved 1048576K
}
Event: 5.264 GC heap after
{Heap after GC invocations=9 (full 0):
 garbage-first heap   total 241664K, used 33333K [0x0000000741c00000, 0x0000000800000000)
  region size 1024K, 9 young (9216K), 9 survivors (9216K)
 Metaspace       used 34483K, capacity 35665K, committed 35840K, reserved 1081344K
  class space    used 4024K, capacity 4482K, committed 4608K, reserved 1048576K
}
Event: 6.260 GC heap before
{Heap before GC invocations=10 (full 0):
 garbage-first heap   total 241664K, used 181813K [0x0000000741c00000, 0x0000000800000000)
  region size 1024K, 141 young (144384K), 9 survivors (9216K)
 Metaspace       used 39825K, capacity 41216K, committed 41344K, reserved 1085440K
  class space    used 4612K, capacity 5158K, committed 5248K, reserved 1048576K
}

Deoptimization events (0 events):
No events

Classes redefined (0 events):
No events

Internal exceptions (20 events):
Event: 6.194 Thread 0x000001f9732f5800 Exception <a 'java/lang/ClassNotFoundException'{0x000000074827f5f8}: org/springframework/security/config/annotation/web/configuration/WebSecurityConfigurerAdapterCustomizer> (0x000000074827f5f8) thrown at [./src/hotspot/share/classfile/systemDictionary.cpp, line 230]
Event: 6.195 Thread 0x000001f9732f5800 Exception <a 'java/lang/ClassNotFoundException'{0x00000007482ad568}: org/keycloak/adapters/springsecurity/config/KeycloakWebSecurityConfigurerAdapterCustomizer> (0x00000007482ad568) thrown at [./src/hotspot/share/classfile/systemDictionary.cpp, line 230]
Event: 6.197 Thread 0x000001f9732f5800 Exception <a 'java/lang/ClassNotFoundException'{0x00000007482ce138}: com/datmt/keycloak/springbootauth/config/KeycloakSecurityConfigCustomizer> (0x00000007482ce138) thrown at [./src/hotspot/share/classfile/systemDictionary.cpp, line 230]
Event: 6.198 Thread 0x000001f9732f5800 Exception <a 'java/lang/ClassNotFoundException'{0x00000007482f58e8}: com/datmt/keycloak/springbootauth/config/KeycloakSecurityConfig$$EnhancerBySpringCGLIB$$5e010b6Customizer> (0x00000007482f58e8) thrown at [./src/hotspot/share/classfile/systemDictionary.cpp, line 230]
Event: 6.199 Thread 0x000001f9732f5800 Exception <a 'java/lang/ClassNotFoundException'{0x0000000748125738}: org/springframework/context/annotation/ConfigurationClassEnhancer$EnhancedConfigurationCustomizer> (0x0000000748125738) thrown at [./src/hotspot/share/classfile/systemDictionary.cpp, line 230]
Event: 6.200 Thread 0x000001f9732f5800 Exception <a 'java/lang/ClassNotFoundException'{0x0000000748140840}: org/springframework/beans/factory/BeanFactoryAwareCustomizer> (0x0000000748140840) thrown at [./src/hotspot/share/classfile/systemDictionary.cpp, line 230]
Event: 6.201 Thread 0x000001f9732f5800 Exception <a 'java/lang/ClassNotFoundException'{0x000000074815a518}: org/springframework/beans/factory/AwareCustomizer> (0x000000074815a518) thrown at [./src/hotspot/share/classfile/systemDictionary.cpp, line 230]
Event: 6.202 Thread 0x000001f9732f5800 Exception <a 'java/lang/ClassNotFoundException'{0x0000000748179580}: org/springframework/security/config/annotation/web/WebSecurityConfigurerCustomizer> (0x0000000748179580) thrown at [./src/hotspot/share/classfile/systemDictionary.cpp, line 230]
Event: 6.203 Thread 0x000001f9732f5800 Exception <a 'java/lang/ClassNotFoundException'{0x0000000748197c18}: org/springframework/security/config/annotation/SecurityConfigurerCustomizer> (0x0000000748197c18) thrown at [./src/hotspot/share/classfile/systemDictionary.cpp, line 230]
Event: 6.205 Thread 0x000001f9732f5800 Exception <a 'java/lang/ClassNotFoundException'{0x00000007481b87e0}: org/springframework/security/config/annotation/web/WebSecurityConfigurerCustomizer> (0x00000007481b87e0) thrown at [./src/hotspot/share/classfile/systemDictionary.cpp, line 230]
Event: 6.206 Thread 0x000001f9732f5800 Exception <a 'java/lang/ClassNotFoundException'{0x00000007481d6770}: org/springframework/security/config/annotation/SecurityConfigurerCustomizer> (0x00000007481d6770) thrown at [./src/hotspot/share/classfile/systemDictionary.cpp, line 230]
Event: 6.212 Thread 0x000001f9732f5800 Exception <a 'java/lang/ClassNotFoundException'{0x000000074808b2b8}: java/lang/ObjectCustomizer> (0x000000074808b2b8) thrown at [./src/hotspot/share/classfile/systemDictionary.cpp, line 230]
Event: 6.213 Thread 0x000001f9732f5800 Exception <a 'java/lang/ClassNotFoundException'{0x00000007480b3d40}: org/springframework/security/config/annotation/authentication/configuration/AuthenticationConfigurationCustomizer> (0x00000007480b3d40) thrown at [./src/hotspot/share/classfile/systemDictionary.cpp, line 230]
Event: 6.253 Thread 0x000001f9732f5800 Exception <a 'java/lang/ClassNotFoundException'{0x0000000747b08df0}: java/lang/ObjectCustomizer> (0x0000000747b08df0) thrown at [./src/hotspot/share/classfile/systemDictionary.cpp, line 230]
Event: 6.254 Thread 0x000001f9732f5800 Exception <a 'java/lang/ClassNotFoundException'{0x0000000747b2cb38}: org/springframework/web/servlet/config/annotation/WebMvcConfigurationSupportCustomizer> (0x0000000747b2cb38) thrown at [./src/hotspot/share/classfile/systemDictionary.cpp, line 230]
Event: 6.256 Thread 0x000001f9732f5800 Exception <a 'java/lang/ClassNotFoundException'{0x0000000747b5ce20}: org/springframework/web/servlet/config/annotation/DelegatingWebMvcConfigurationCustomizer> (0x0000000747b5ce20) thrown at [./src/hotspot/share/classfile/systemDictionary.cpp, line 230]
Event: 6.257 Thread 0x000001f9732f5800 Exception <a 'java/lang/ClassNotFoundException'{0x0000000747b86790}: org/springframework/boot/autoconfigure/web/servlet/WebMvcAutoConfiguration$EnableWebMvcConfigurationCustomizer> (0x0000000747b86790) thrown at [./src/hotspot/share/classfile/systemDictionary.cpp, line 230]
Event: 6.258 Thread 0x000001f9732f5800 Exception <a 'java/lang/ClassNotFoundException'{0x0000000747bb0768}: org/springframework/context/ResourceLoaderAwareCustomizer> (0x0000000747bb0768) thrown at [./src/hotspot/share/classfile/systemDictionary.cpp, line 230]
Event: 6.259 Thread 0x000001f9732f5800 Exception <a 'java/lang/ClassNotFoundException'{0x0000000747bca700}: org/springframework/beans/factory/AwareCustomizer> (0x0000000747bca700) thrown at [./src/hotspot/share/classfile/systemDictionary.cpp, line 230]
Event: 6.260 Thread 0x000001f9732f5800 Exception <a 'java/lang/ClassNotFoundException'{0x0000000747be6230}: org/springframework/context/ApplicationContextAwareCustomizer> (0x0000000747be6230) thrown at [./src/hotspot/share/classfile/systemDictionary.cpp, line 230]

Events (20 events):
Event: 6.258 loading class org/springframework/context/ResourceLoaderAwareCustomizer done
Event: 6.258 loading class org/springframework/context/ResourceLoaderAwareCustomizer
Event: 6.258 loading class org/springframework/context/ResourceLoaderAwareCustomizer done
Event: 6.258 loading class org/springframework/beans/factory/AwareCustomizer
Event: 6.258 loading class org/springframework/beans/factory/AwareCustomizer done
Event: 6.259 loading class org/springframework/beans/factory/AwareCustomizer
Event: 6.259 loading class org/springframework/beans/factory/AwareCustomizer done
Event: 6.259 loading class org/springframework/beans/factory/AwareCustomizer
Event: 6.259 loading class org/springframework/beans/factory/AwareCustomizer done
Event: 6.259 loading class org/springframework/context/ApplicationContextAwareCustomizer
Event: 6.259 loading class org/springframework/context/ApplicationContextAwareCustomizer done
Event: 6.259 loading class org/springframework/context/ApplicationContextAwareCustomizer
Event: 6.259 loading class org/springframework/context/ApplicationContextAwareCustomizer done
Event: 6.260 loading class org/springframework/context/ApplicationContextAwareCustomizer
Event: 6.260 loading class org/springframework/context/ApplicationContextAwareCustomizer done
Event: 6.260 loading class org/springframework/beans/factory/AwareCustomizer
Event: 6.260 loading class org/springframework/beans/factory/AwareCustomizer done
Event: 6.260 loading class org/springframework/beans/factory/AwareCustomizer
Event: 6.260 loading class org/springframework/beans/factory/AwareCustomizer done
Event: 6.260 Executing VM operation: G1CollectForAllocation


Dynamic libraries:
0x00007ff6da7e0000 - 0x00007ff6da7ed000 	C:\Users\HP\.jdks\corretto-11.0.14\bin\java.exe
0x00007ffee1130000 - 0x00007ffee1325000 	C:\Windows\SYSTEM32\ntdll.dll
0x00007ffedfe10000 - 0x00007ffedfece000 	C:\Windows\System32\KERNEL32.DLL
0x00007ffedec50000 - 0x00007ffedef18000 	C:\Windows\System32\KERNELBASE.dll
0x00007ffede9f0000 - 0x00007ffedeaf0000 	C:\Windows\System32\ucrtbase.dll
0x00007ffeb9fe0000 - 0x00007ffeb9ff9000 	C:\Users\HP\.jdks\corretto-11.0.14\bin\VCRUNTIME140.dll
0x00007ffeba520000 - 0x00007ffeba537000 	C:\Users\HP\.jdks\corretto-11.0.14\bin\jli.dll
0x00007ffee0690000 - 0x00007ffee0831000 	C:\Windows\System32\USER32.dll
0x00007ffed4bb0000 - 0x00007ffed4e4a000 	C:\Windows\WinSxS\amd64_microsoft.windows.common-controls_6595b64144ccf1df_6.0.19041.1110_none_60b5254171f9507e\COMCTL32.dll
0x00007ffedef20000 - 0x00007ffedef42000 	C:\Windows\System32\win32u.dll
0x00007ffedfb90000 - 0x00007ffedfc2e000 	C:\Windows\System32\msvcrt.dll
0x00007ffee1060000 - 0x00007ffee108b000 	C:\Windows\System32\GDI32.dll
0x00007ffede8e0000 - 0x00007ffede9ed000 	C:\Windows\System32\gdi32full.dll
0x00007ffede840000 - 0x00007ffede8dd000 	C:\Windows\System32\msvcp_win.dll
0x00007ffee0f90000 - 0x00007ffee0fc0000 	C:\Windows\System32\IMM32.DLL
0x00007ffeb7990000 - 0x00007ffeb7a2b000 	C:\Users\HP\.jdks\corretto-11.0.14\bin\msvcp140.dll
0x00007ffe85b40000 - 0x00007ffe866c3000 	C:\Users\HP\.jdks\corretto-11.0.14\bin\server\jvm.dll
0x00007ffedfa10000 - 0x00007ffedfabc000 	C:\Windows\System32\ADVAPI32.dll
0x00007ffee0fc0000 - 0x00007ffee105b000 	C:\Windows\System32\sechost.dll
0x00007ffedfc30000 - 0x00007ffedfd5a000 	C:\Windows\System32\RPCRT4.dll
0x00007ffedf170000 - 0x00007ffedf178000 	C:\Windows\System32\PSAPI.DLL
0x00007ffeda2b0000 - 0x00007ffeda2b9000 	C:\Windows\SYSTEM32\WSOCK32.dll
0x00007ffed7570000 - 0x00007ffed757a000 	C:\Windows\SYSTEM32\VERSION.dll
0x00007ffecff70000 - 0x00007ffecff97000 	C:\Windows\SYSTEM32\WINMM.dll
0x00007ffee05c0000 - 0x00007ffee062b000 	C:\Windows\System32\WS2_32.dll
0x00007ffedd0b0000 - 0x00007ffedd0c2000 	C:\Windows\SYSTEM32\kernel.appcore.dll
0x00007ffebbfb0000 - 0x00007ffebbfc0000 	C:\Users\HP\.jdks\corretto-11.0.14\bin\verify.dll
0x00007ffedc4e0000 - 0x00007ffedc6c4000 	C:\Windows\SYSTEM32\DBGHELP.DLL
0x00007ffecf380000 - 0x00007ffecf3ac000 	C:\Windows\SYSTEM32\dbgcore.DLL
0x00007ffedf000000 - 0x00007ffedf082000 	C:\Windows\System32\bcryptPrimitives.dll
0x00007ffeb9fb0000 - 0x00007ffeb9fd8000 	C:\Users\HP\.jdks\corretto-11.0.14\bin\java.dll
0x00007ffebbc50000 - 0x00007ffebbc5a000 	C:\Users\HP\.jdks\corretto-11.0.14\bin\jimage.dll
0x00007ffebd4f0000 - 0x00007ffebd4fe000 	C:\Users\HP\.jdks\corretto-11.0.14\bin\instrument.dll
0x00007ffeb7970000 - 0x00007ffeb7988000 	C:\Users\HP\.jdks\corretto-11.0.14\bin\zip.dll
0x00007ffee0840000 - 0x00007ffee0f84000 	C:\Windows\System32\SHELL32.dll
0x00007ffedc910000 - 0x00007ffedd0a4000 	C:\Windows\SYSTEM32\windows.storage.dll
0x00007ffedfff0000 - 0x00007ffee0345000 	C:\Windows\System32\combase.dll
0x00007ffede240000 - 0x00007ffede26e000 	C:\Windows\SYSTEM32\Wldp.dll
0x00007ffedfd60000 - 0x00007ffedfe0d000 	C:\Windows\System32\SHCORE.dll
0x00007ffedf1e0000 - 0x00007ffedf235000 	C:\Windows\System32\shlwapi.dll
0x00007ffede780000 - 0x00007ffede79f000 	C:\Windows\SYSTEM32\profapi.dll
0x00007ffeb7950000 - 0x00007ffeb7969000 	C:\Users\HP\.jdks\corretto-11.0.14\bin\net.dll
0x00007ffed5540000 - 0x00007ffed564c000 	C:\Windows\SYSTEM32\WINHTTP.dll
0x00007ffeddf20000 - 0x00007ffeddf8a000 	C:\Windows\system32\mswsock.dll
0x00007ffeb7930000 - 0x00007ffeb7943000 	C:\Users\HP\.jdks\corretto-11.0.14\bin\nio.dll
0x00007ffebb5d0000 - 0x00007ffebb5ea000 	C:\Program Files\JetBrains\IntelliJ IDEA 2021.3.2\bin\breakgen64.dll
0x00007ffeddc50000 - 0x00007ffeddd1b000 	C:\Windows\SYSTEM32\DNSAPI.dll
0x00007ffeddc10000 - 0x00007ffeddc4b000 	C:\Windows\SYSTEM32\IPHLPAPI.DLL
0x00007ffedf240000 - 0x00007ffedf248000 	C:\Windows\System32\NSI.dll
0x00007ffed5240000 - 0x00007ffed524a000 	C:\Windows\System32\rasadhlp.dll
0x00007ffed54c0000 - 0x00007ffed553f000 	C:\Windows\System32\fwpuclnt.dll
0x00007ffedf140000 - 0x00007ffedf167000 	C:\Windows\System32\bcrypt.dll
0x00007ffebcba0000 - 0x00007ffebcba9000 	C:\Users\HP\.jdks\corretto-11.0.14\bin\management.dll
0x00007ffebb5f0000 - 0x00007ffebb5fb000 	C:\Users\HP\.jdks\corretto-11.0.14\bin\management_ext.dll
0x00007ffede170000 - 0x00007ffede188000 	C:\Windows\SYSTEM32\CRYPTSP.dll
0x00007ffedd8a0000 - 0x00007ffedd8d4000 	C:\Windows\system32\rsaenh.dll
0x00007ffede740000 - 0x00007ffede76e000 	C:\Windows\SYSTEM32\USERENV.dll
0x00007ffede210000 - 0x00007ffede21c000 	C:\Windows\SYSTEM32\CRYPTBASE.dll
0x00007ffed7760000 - 0x00007ffed7777000 	C:\Windows\SYSTEM32\dhcpcsvc6.DLL
0x00007ffed8220000 - 0x00007ffed823d000 	C:\Windows\SYSTEM32\dhcpcsvc.DLL
0x00007ffed7810000 - 0x00007ffed7827000 	C:\Windows\system32\napinsp.dll
0x00007ffeb92c0000 - 0x00007ffeb92db000 	C:\Windows\system32\pnrpnsp.dll
0x00007ffeb12b0000 - 0x00007ffeb12c5000 	C:\Windows\system32\wshbth.dll
0x00007ffeda260000 - 0x00007ffeda27d000 	C:\Windows\system32\NLAapi.dll
0x00007ffeb92a0000 - 0x00007ffeb92b2000 	C:\Windows\System32\winrnr.dll

dbghelp: loaded successfully - version: 4.0.5 - missing functions: none
symbol engine: initialized successfully - sym options: 0x614 - pdb path: .;C:\Users\HP\.jdks\corretto-11.0.14\bin;C:\Windows\SYSTEM32;C:\Windows\WinSxS\amd64_microsoft.windows.common-controls_6595b64144ccf1df_6.0.19041.1110_none_60b5254171f9507e;C:\Users\HP\.jdks\corretto-11.0.14\bin\server;C:\Program Files\JetBrains\IntelliJ IDEA 2021.3.2\bin

VM Arguments:
jvm_args: -javaagent:C:\Users\HP\AppData\Local\JetBrains\IntelliJIdea2021.3\testAgent\intellij-coverage-agent-1.0.613.jar=C:\Users\HP\AppData\Local\Temp\coverageargs -Didea.new.sampling.coverage=true -Dcoverage.ignore.private.constructor.util.class=true -XX:TieredStopAtLevel=1 -Xverify:none -Dspring.output.ansi.enabled=always -Dcom.sun.management.jmxremote -Dspring.jmx.enabled=true -Dspring.liveBeansView.mbeanDomain -Dspring.application.admin.enabled=true -javaagent:C:\Program Files\JetBrains\IntelliJ IDEA 2021.3.2\lib\idea_rt.jar=58065:C:\Program Files\JetBrains\IntelliJ IDEA 2021.3.2\bin -Dfile.encoding=UTF-8 
java_command: com.datmt.keycloak.springbootauth.KeycloakSpringbootAuth
java_class_path (initial): C:\Users\HP\OneDrive\Desktop\Keycloak-rest-api test version\target\classes;C:\Users\HP\.m2\repository\org\keycloak\keycloak-spring-boot-starter\17.0.0\keycloak-spring-boot-starter-17.0.0.jar;C:\Users\HP\.m2\repository\org\keycloak\keycloak-spring-boot-2-adapter\17.0.0\keycloak-spring-boot-2-adapter-17.0.0.jar;C:\Users\HP\.m2\repository\org\keycloak\keycloak-spring-boot-adapter-core\17.0.0\keycloak-spring-boot-adapter-core-17.0.0.jar;C:\Users\HP\.m2\repository\org\jboss\logging\jboss-logging\3.4.2.Final\jboss-logging-3.4.2.Final.jar;C:\Users\HP\.m2\repository\org\keycloak\keycloak-authz-client\17.0.0\keycloak-authz-client-17.0.0.jar;C:\Users\HP\.m2\repository\org\springframework\boot\spring-boot-starter\2.5.6\spring-boot-starter-2.5.6.jar;C:\Users\HP\.m2\repository\org\springframework\boot\spring-boot-starter-logging\2.5.6\spring-boot-starter-logging-2.5.6.jar;C:\Users\HP\.m2\repository\ch\qos\logback\logback-classic\1.2.6\logback-classic-1.2.6.jar;C:\Users\HP\.m2\repository\ch\qos\logback\logback-core\1.2.6\logback-core-1.2.6.jar;C:\Users\HP\.m2\repository\org\apache\logging\log4j\log4j-to-slf4j\2.14.1\log4j-to-slf4j-2.14.1.jar;C:\Users\HP\.m2\repository\org\apache\logging\log4j\log4j-api\2.14.1\log4j-api-2.14.1.jar;C:\Users\HP\.m2\repository\org\slf4j\jul-to-slf4j\1.7.32\jul-to-slf4j-1.7.32.jar;C:\Users\HP\.m2\repository\jakarta\annotation\jakarta.annotation-api\1.3.5\jakarta.annotation-api-1.3.5.jar;C:\Users\HP\.m2\repository\org\yaml\snakeyaml\1.28\snakeyaml-1.28.jar;C:\Users\HP\.m2\repository\org\keycloak\spring-boot-container-bundle\17.0.0\spring-boot-container-bundle-17.0.0.jar;C:\Users\HP\.m2\repository\org\keycloak\keycloak-adapter-core\17.0.0\keycloak-adapter-core-17.0.0.jar;C:\Users\HP\.m2\repository\org\keycloak\keycloak-spring-security-adapter\17.0.0\keycloak-spring-security-adapter-17.0.0.jar;C:\Users\HP\.m2\repository\org\keycloak\keycloak-adapter-spi\17.0.0\keycloak-adapter-spi-17.0.0.jar;C:\Users\HP\.m2\repository\org\bou
Launcher Type: SUN_STANDARD

[Global flags]
     bool BytecodeVerificationLocal                = false                                     {product} {command line}
     bool BytecodeVerificationRemote               = false                                     {product} {command line}
     intx CICompilerCount                          = 4                                         {product} {ergonomic}
     uint ConcGCThreads                            = 2                                         {product} {ergonomic}
     uint G1ConcRefinementThreads                  = 8                                         {product} {ergonomic}
   size_t G1HeapRegionSize                         = 1048576                                   {product} {ergonomic}
    uintx GCDrainStackTargetSize                   = 64                                        {product} {ergonomic}
   size_t InitialHeapSize                          = 201326592                                 {product} {ergonomic}
     bool ManagementServer                         = true                                      {product} {command line}
   size_t MarkStackSize                            = 4194304                                   {product} {ergonomic}
   size_t MaxHeapSize                              = 3191865344                                {product} {ergonomic}
   size_t MaxNewSize                               = 1914699776                                {product} {ergonomic}
   size_t MinHeapDeltaBytes                        = 1048576                                   {product} {ergonomic}
    uintx NonNMethodCodeHeapSize                   = 7549744                                {pd product} {ergonomic}
    uintx NonProfiledCodeHeapSize                  = 244108496                              {pd product} {ergonomic}
    uintx ProfiledCodeHeapSize                     = 0                                      {pd product} {ergonomic}
    uintx ReservedCodeCacheSize                    = 251658240                              {pd product} {ergonomic}
     bool SegmentedCodeCache                       = true                                      {product} {ergonomic}
     intx TieredStopAtLevel                        = 1                                         {product} {command line}
     bool UseCompressedClassPointers               = true                                 {lp64_product} {ergonomic}
     bool UseCompressedOops                        = true                                 {lp64_product} {ergonomic}
     bool UseG1GC                                  = true                                      {product} {ergonomic}
     bool UseLargePagesIndividualAllocation        = false                                  {pd product} {ergonomic}

Logging:
Log output configuration:
 #0: stdout all=warning uptime,level,tags
 #1: stderr all=off uptime,level,tags

Environment Variables:
JAVA_HOME=C:\Program Files\Java\jdk-11.0.13
PATH=C:\Program Files\Common Files\Oracle\Java\javapath;C:\Program Files (x86)\Common Files\Oracle\Java\javapath;C:\oraclexe\app\oracle\product\11.2.0\server\bin;C:\Python39\Scripts\;C:\Python39\;C:\Windows\system32;C:\Windows;C:\Windows\System32\Wbem;C:\Windows\System32\WindowsPowerShell\v1.0\;C:\Windows\System32\OpenSSH\;C:\Program Files (x86)\NVIDIA Corporation\PhysX\Common;C:\Program Files (x86)\GnuWin32\bin;C:\MinGW\bin;C:\Program Files\nodejs\;C:\ProgramData\chocolatey\bin;C:\Program Files\dotnet\;C:\Program Files\Git\cmd;C:\Users\HP\Downloads\apache-maven-3.6.3\bin;C:\Users\HP\Downloads\apache-maven-3.8.4\bin;C:\Users\HP\Music\jdk-11.0.13\bin;C:\Program Files\PostgreSQL\10\bin;C:\Program Files\PostgreSQL\10\lib;C:\Users\HP\AppData\Local\Microsoft\WindowsApps;;C:\Users\HP\AppData\Local\Programs\Microsoft VS Code\bin;C:\Users\HP\AppData\Roaming\npm;C:\Program Files\liquibase
USERNAME=HP
OS=Windows_NT
PROCESSOR_IDENTIFIER=Intel64 Family 6 Model 158 Stepping 9, GenuineIntel



---------------  S Y S T E M  ---------------

OS: Windows 10 , 64 bit Build 19041 (10.0.19041.1348)
OS uptime: 1 days 17:30 hours

CPU:total 8 (initial active 8) (4 cores per cpu, 2 threads per core) family 6 model 158 stepping 9 microcode 0xb4, cmov, cx8, fxsr, mmx, sse, sse2, sse3, ssse3, sse4.1, sse4.2, popcnt, avx, avx2, aes, clmul, erms, 3dnowpref, lzcnt, ht, tsc, tscinvbit, bmi1, bmi2, adx, fma

Memory: 4k page, system-wide physical 12173M (1866M free)
TotalPageFile size 16263M (AvailPageFile size 30M)
current process WorkingSet (physical memory assigned to process): 304M, peak: 304M
current process commit charge ("private bytes"): 396M, peak: 444M

vm_info: OpenJDK 64-Bit Server VM (11.0.14+9-LTS) for windows-amd64 JRE (11.0.14+9-LTS), built on Jan 15 2022 01:18:46 by "Administrator" with unknown MS VC++:1916

END.
